<?xml version="1.0" encoding="UTF-8"?>
<!-- Generated by org.testng.reporters.JUnitReportReporter -->
<testsuite hostname="RecklessRavi" failures="0" tests="1" name="TestNGExamples.Exp_WD_Testng" time="5.187" errors="0" timestamp="2023-09-07T16:07:40 IST" skipped="0">
  <testcase classname="TestNGExamples.Exp_WD_Testng" name="tc001" time="5.187">
    <system-out>
      <![CDATA[Application opened
Login completed
Logout completed]]>
    </system-out>
  </testcase> <!-- tc001 -->
  <system-out>
    <![CDATA[Application opened
Login completed
Logout completed]]>
  </system-out>
</testsuite> <!-- TestNGExamples.Exp_WD_Testng -->
