<?xml version="1.0" encoding="UTF-8"?>
<!-- Generated by org.testng.reporters.JUnitReportReporter -->
<testsuite hostname="RecklessRavi" failures="0" tests="1" name="com.hrms.testscripts.TC001" time="15.966" errors="0" timestamp="2023-09-08T16:30:46 IST" skipped="0">
  <testcase classname="com.hrms.testscripts.TC001" name="TC001" time="15.966"/>
</testsuite> <!-- com.hrms.testscripts.TC001 -->
