<?xml version="1.0" encoding="UTF-8"?>
<!-- Generated by org.testng.reporters.JUnitReportReporter -->
<testsuite hostname="RecklessRavi" failures="0" tests="1" name="TestNGExamples.Excel_WD_Reports" time="7.626" errors="0" timestamp="2023-09-07T16:42:29 IST" skipped="0">
  <testcase classname="TestNGExamples.Excel_WD_Reports" name="tc001" time="7.626">
    <system-out>
      <![CDATA[nareshit
nareshit
Application opened
Login completed
Logout completed]]>
    </system-out>
  </testcase> <!-- tc001 -->
  <system-out>
    <![CDATA[nareshit
nareshit
Application opened
Login completed
Logout completed]]>
  </system-out>
</testsuite> <!-- TestNGExamples.Excel_WD_Reports -->
