<?xml version="1.0" encoding="UTF-8"?>
<!-- Generated by org.testng.reporters.JUnitReportReporter -->
<testsuite hostname="RecklessRavi" failures="0" tests="4" name="TestNGExamples.Exp_TestngA" time="0.021" errors="0" timestamp="2023-09-07T13:28:00 IST" skipped="0">
  <testcase classname="TestNGExamples.Exp_TestngA" name="deletemp" time="0.002"/>
  <testcase classname="TestNGExamples.Exp_TestngA" name="addemp" time="0.014"/>
  <testcase classname="TestNGExamples.Exp_TestngA" name="logout" time="0.003"/>
  <testcase classname="TestNGExamples.Exp_TestngA" name="login" time="0.002"/>
</testsuite> <!-- TestNGExamples.Exp_TestngA -->
