<?xml version="1.0" encoding="UTF-8"?>
<!-- Generated by org.testng.reporters.JUnitReportReporter -->
<testsuite hostname="RecklessRavi" failures="0" tests="1" name="com.hrms.testscripts.TC002" time="7.063" errors="0" timestamp="2023-09-07T17:36:27 IST" skipped="0">
  <testcase classname="com.hrms.testscripts.TC002" name="TC001" time="7.063"/>
</testsuite> <!-- com.hrms.testscripts.TC002 -->
