<?xml version="1.0" encoding="UTF-8"?>
<!-- Generated by org.testng.reporters.JUnitReportReporter -->
<testsuite hostname="RecklessRavi" failures="0" tests="2" name="TestNGExamples.Exp_Testng" time="0.017" errors="0" timestamp="2023-09-07T13:22:33 IST" skipped="0">
  <testcase classname="TestNGExamples.Exp_Testng" name="logout" time="0.002"/>
  <testcase classname="TestNGExamples.Exp_Testng" name="login" time="0.015"/>
</testsuite> <!-- TestNGExamples.Exp_Testng -->
