<?xml version="1.0" encoding="UTF-8"?>
<!-- Generated by org.testng.reporters.JUnitReportReporter -->
<testsuite hostname="RecklessRavi" failures="0" tests="2" name="TestNGExamples.Exp_tesngB" time="0.012" errors="0" timestamp="2023-09-08T16:47:27 IST" skipped="0">
  <testcase classname="TestNGExamples.Exp_tesngB" name="addemp" time="0.009"/>
  <testcase classname="TestNGExamples.Exp_tesngB" name="deleteemp" time="0.003"/>
</testsuite> <!-- TestNGExamples.Exp_tesngB -->
